2021-03-05 20:42:13.747 [main] [] INFO o.s.b.t.c.SpringBootTestContextBootstrapper [buildDefaultMergedContextConfiguration,305] - Neither @ContextConfiguration nor @ContextHierarchy found for test class [com.daleyzou.springbatchhelloworld.ConsoleJobTest], using SpringBootContextLoader
2021-03-05 20:42:13.753 [main] [] INFO o.s.t.c.s.AbstractContextLoader [generateDefaultLocations,264] - Could not detect default resource locations for test class [com.daleyzou.springbatchhelloworld.ConsoleJobTest]: no resource found for suffixes {-context.xml, Context.groovy}.
2021-03-05 20:42:13.971 [main] [] INFO o.s.b.t.c.SpringBootTestContextBootstrapper [getDefaultTestExecutionListenerClassNames,245] - Loaded default TestExecutionListener class names from location [META-INF/spring.factories]: [org.springframework.boot.test.mock.mockito.MockitoTestExecutionListener, org.springframework.boot.test.mock.mockito.ResetMocksTestExecutionListener, org.springframework.boot.test.autoconfigure.restdocs.RestDocsTestExecutionListener, org.springframework.boot.test.autoconfigure.web.client.MockRestServiceServerResetTestExecutionListener, org.springframework.boot.test.autoconfigure.web.servlet.MockMvcPrintOnlyOnFailureTestExecutionListener, org.springframework.boot.test.autoconfigure.web.servlet.WebDriverTestExecutionListener, org.springframework.boot.test.autoconfigure.webservices.client.MockWebServiceServerTestExecutionListener, org.springframework.test.context.web.ServletTestExecutionListener, org.springframework.test.context.support.DirtiesContextBeforeModesTestExecutionListener, org.springframework.test.context.event.ApplicationEventsTestExecutionListener, org.springframework.test.context.support.DependencyInjectionTestExecutionListener, org.springframework.test.context.support.DirtiesContextTestExecutionListener, org.springframework.test.context.transaction.TransactionalTestExecutionListener, org.springframework.test.context.jdbc.SqlScriptsTestExecutionListener, org.springframework.test.context.event.EventPublishingTestExecutionListener]
2021-03-05 20:42:14.001 [main] [] INFO o.s.b.t.c.SpringBootTestContextBootstrapper [getTestExecutionListeners,174] - Using TestExecutionListeners: [org.springframework.test.context.web.ServletTestExecutionListener@52102734, org.springframework.test.context.support.DirtiesContextBeforeModesTestExecutionListener@3541cb24, org.springframework.test.context.event.ApplicationEventsTestExecutionListener@2177849e, org.springframework.boot.test.mock.mockito.MockitoTestExecutionListener@40cb8df7, org.springframework.boot.test.autoconfigure.SpringBootDependencyInjectionTestExecutionListener@13b13b5d, org.springframework.test.context.support.DirtiesContextTestExecutionListener@2892dae4, org.springframework.test.context.transaction.TransactionalTestExecutionListener@355ce81c, org.springframework.test.context.jdbc.SqlScriptsTestExecutionListener@29647f75, org.springframework.test.context.event.EventPublishingTestExecutionListener@3315d2d7, org.springframework.boot.test.mock.mockito.ResetMocksTestExecutionListener@d6e7bab, org.springframework.boot.test.autoconfigure.restdocs.RestDocsTestExecutionListener@5fa07e12, org.springframework.boot.test.autoconfigure.web.client.MockRestServiceServerResetTestExecutionListener@55b53d44, org.springframework.boot.test.autoconfigure.web.servlet.MockMvcPrintOnlyOnFailureTestExecutionListener@482bce4f, org.springframework.boot.test.autoconfigure.web.servlet.WebDriverTestExecutionListener@366647c2, org.springframework.boot.test.autoconfigure.webservices.client.MockWebServiceServerTestExecutionListener@6a6afff2]
2021-03-05 20:42:14.563 [main] [] INFO c.d.s.ConsoleJobTest [logStarting,55] - Starting ConsoleJobTest using Java 1.8.0_271 on didideMacBook-Pro.local with PID 32613 (started by didi in /Users/didi/IdeaProjects/learn/spring-batch-learn/spring-batch-helloworld)
2021-03-05 20:42:14.566 [main] [] INFO c.d.s.ConsoleJobTest [logStartupProfileInfo,660] - No active profile set, falling back to default profiles: default
2021-03-05 20:42:16.724 [main] [] INFO o.s.s.c.ThreadPoolTaskExecutor [initialize,181] - Initializing ExecutorService 'applicationTaskExecutor'
2021-03-05 20:42:17.137 [main] [] INFO com.zaxxer.hikari.HikariDataSource [getConnection,110] - HikariPool-1 - Starting...
2021-03-05 20:42:17.434 [main] [] INFO com.zaxxer.hikari.HikariDataSource [getConnection,123] - HikariPool-1 - Start completed.
2021-03-05 20:42:17.535 [main] [] INFO o.s.b.c.r.s.JobRepositoryFactoryBean [afterPropertiesSet,184] - No database type set, using meta data indicating: H2
2021-03-05 20:42:17.562 [main] [] INFO o.s.b.c.l.support.SimpleJobLauncher [afterPropertiesSet,209] - No TaskExecutor has been set, defaulting to synchronous executor.
2021-03-05 20:42:17.767 [main] [] INFO c.d.s.ConsoleJobTest [logStarted,61] - Started ConsoleJobTest in 3.614 seconds (JVM running for 4.821)
2021-03-05 20:42:17.770 [main] [] INFO o.s.b.a.b.JobLauncherApplicationRunner [run,154] - Running default command line with: []
2021-03-05 20:42:17.863 [main] [] INFO o.s.b.c.l.support.SimpleJobLauncher [run,145] - Job: [FlowJob: [name=consoleJob]] launched with the following parameters: [{}]
2021-03-05 20:42:18.002 [main] [] INFO o.s.batch.core.job.SimpleStepHandler [handleStep,146] - Executing step: [consoleStep]
2021-03-05 20:42:32.835 [SpringContextShutdownHook] [] INFO o.s.s.c.ThreadPoolTaskExecutor [shutdown,218] - Shutting down ExecutorService 'applicationTaskExecutor'
2021-03-05 20:42:32.837 [SpringContextShutdownHook] [] INFO com.zaxxer.hikari.HikariDataSource [close,350] - HikariPool-1 - Shutdown initiated...
2021-03-05 20:42:32.845 [SpringContextShutdownHook] [] INFO com.zaxxer.hikari.HikariDataSource [close,352] - HikariPool-1 - Shutdown completed.
2021-03-05 20:44:22.815 [main] [] INFO o.s.b.t.c.SpringBootTestContextBootstrapper [buildDefaultMergedContextConfiguration,305] - Neither @ContextConfiguration nor @ContextHierarchy found for test class [com.daleyzou.springbatchhelloworld.ConsoleJobTest], using SpringBootContextLoader
2021-03-05 20:44:22.819 [main] [] INFO o.s.t.c.s.AbstractContextLoader [generateDefaultLocations,264] - Could not detect default resource locations for test class [com.daleyzou.springbatchhelloworld.ConsoleJobTest]: no resource found for suffixes {-context.xml, Context.groovy}.
2021-03-05 20:44:23.132 [main] [] INFO o.s.b.t.c.SpringBootTestContextBootstrapper [getDefaultTestExecutionListenerClassNames,245] - Loaded default TestExecutionListener class names from location [META-INF/spring.factories]: [org.springframework.boot.test.mock.mockito.MockitoTestExecutionListener, org.springframework.boot.test.mock.mockito.ResetMocksTestExecutionListener, org.springframework.boot.test.autoconfigure.restdocs.RestDocsTestExecutionListener, org.springframework.boot.test.autoconfigure.web.client.MockRestServiceServerResetTestExecutionListener, org.springframework.boot.test.autoconfigure.web.servlet.MockMvcPrintOnlyOnFailureTestExecutionListener, org.springframework.boot.test.autoconfigure.web.servlet.WebDriverTestExecutionListener, org.springframework.boot.test.autoconfigure.webservices.client.MockWebServiceServerTestExecutionListener, org.springframework.test.context.web.ServletTestExecutionListener, org.springframework.test.context.support.DirtiesContextBeforeModesTestExecutionListener, org.springframework.test.context.event.ApplicationEventsTestExecutionListener, org.springframework.test.context.support.DependencyInjectionTestExecutionListener, org.springframework.test.context.support.DirtiesContextTestExecutionListener, org.springframework.test.context.transaction.TransactionalTestExecutionListener, org.springframework.test.context.jdbc.SqlScriptsTestExecutionListener, org.springframework.test.context.event.EventPublishingTestExecutionListener]
2021-03-05 20:44:23.150 [main] [] INFO o.s.b.t.c.SpringBootTestContextBootstrapper [getTestExecutionListeners,174] - Using TestExecutionListeners: [org.springframework.test.context.web.ServletTestExecutionListener@52102734, org.springframework.test.context.support.DirtiesContextBeforeModesTestExecutionListener@3541cb24, org.springframework.test.context.event.ApplicationEventsTestExecutionListener@2177849e, org.springframework.boot.test.mock.mockito.MockitoTestExecutionListener@40cb8df7, org.springframework.boot.test.autoconfigure.SpringBootDependencyInjectionTestExecutionListener@13b13b5d, org.springframework.test.context.support.DirtiesContextTestExecutionListener@2892dae4, org.springframework.test.context.transaction.TransactionalTestExecutionListener@355ce81c, org.springframework.test.context.jdbc.SqlScriptsTestExecutionListener@29647f75, org.springframework.test.context.event.EventPublishingTestExecutionListener@3315d2d7, org.springframework.boot.test.mock.mockito.ResetMocksTestExecutionListener@d6e7bab, org.springframework.boot.test.autoconfigure.restdocs.RestDocsTestExecutionListener@5fa07e12, org.springframework.boot.test.autoconfigure.web.client.MockRestServiceServerResetTestExecutionListener@55b53d44, org.springframework.boot.test.autoconfigure.web.servlet.MockMvcPrintOnlyOnFailureTestExecutionListener@482bce4f, org.springframework.boot.test.autoconfigure.web.servlet.WebDriverTestExecutionListener@366647c2, org.springframework.boot.test.autoconfigure.webservices.client.MockWebServiceServerTestExecutionListener@6a6afff2]
2021-03-05 20:44:23.548 [main] [] INFO c.d.s.ConsoleJobTest [logStarting,55] - Starting ConsoleJobTest using Java 1.8.0_271 on didideMacBook-Pro.local with PID 32749 (started by didi in /Users/didi/IdeaProjects/learn/spring-batch-learn/spring-batch-helloworld)
2021-03-05 20:44:23.559 [main] [] INFO c.d.s.ConsoleJobTest [logStartupProfileInfo,660] - No active profile set, falling back to default profiles: default
2021-03-05 20:44:25.823 [main] [] INFO o.s.s.c.ThreadPoolTaskExecutor [initialize,181] - Initializing ExecutorService 'applicationTaskExecutor'
2021-03-05 20:44:26.292 [main] [] INFO com.zaxxer.hikari.HikariDataSource [getConnection,110] - HikariPool-1 - Starting...
2021-03-05 20:44:26.638 [main] [] INFO com.zaxxer.hikari.HikariDataSource [getConnection,123] - HikariPool-1 - Start completed.
2021-03-05 20:44:26.756 [main] [] INFO o.s.b.c.r.s.JobRepositoryFactoryBean [afterPropertiesSet,184] - No database type set, using meta data indicating: H2
2021-03-05 20:44:26.790 [main] [] INFO o.s.b.c.l.support.SimpleJobLauncher [afterPropertiesSet,209] - No TaskExecutor has been set, defaulting to synchronous executor.
2021-03-05 20:44:27.015 [main] [] INFO c.d.s.ConsoleJobTest [logStarted,61] - Started ConsoleJobTest in 3.794 seconds (JVM running for 4.936)
2021-03-05 20:44:27.017 [main] [] INFO o.s.b.a.b.JobLauncherApplicationRunner [run,154] - Running default command line with: []
2021-03-05 20:44:27.127 [main] [] INFO o.s.b.c.l.support.SimpleJobLauncher [run,145] - Job: [FlowJob: [name=consoleJob]] launched with the following parameters: [{}]
2021-03-05 20:44:27.202 [main] [] INFO o.s.batch.core.job.SimpleStepHandler [handleStep,146] - Executing step: [consoleStep]
2021-03-05 20:44:27.246 [main] [] INFO o.s.batch.core.step.AbstractStep [execute,272] - Step: [consoleStep] executed in 43ms
2021-03-05 20:44:27.279 [main] [] INFO o.s.b.c.l.support.SimpleJobLauncher [run,149] - Job: [FlowJob: [name=consoleJob]] completed with the following parameters: [{}] and the following status: [COMPLETED] in 93ms
2021-03-05 20:44:27.648 [main] [] INFO o.s.b.c.l.support.SimpleJobLauncher [run,145] - Job: [FlowJob: [name=consoleJob]] launched with the following parameters: [{time=1614948267638}]
2021-03-05 20:44:27.668 [main] [] INFO o.s.batch.core.job.SimpleStepHandler [handleStep,146] - Executing step: [consoleStep]
2021-03-05 20:44:27.696 [main] [] INFO o.s.batch.core.step.AbstractStep [execute,272] - Step: [consoleStep] executed in 27ms
2021-03-05 20:44:27.706 [main] [] INFO o.s.b.c.l.support.SimpleJobLauncher [run,149] - Job: [FlowJob: [name=consoleJob]] completed with the following parameters: [{time=1614948267638}] and the following status: [COMPLETED] in 55ms
2021-03-05 20:44:27.726 [SpringContextShutdownHook] [] INFO o.s.s.c.ThreadPoolTaskExecutor [shutdown,218] - Shutting down ExecutorService 'applicationTaskExecutor'
2021-03-05 20:44:27.728 [SpringContextShutdownHook] [] INFO com.zaxxer.hikari.HikariDataSource [close,350] - HikariPool-1 - Shutdown initiated...
2021-03-05 20:44:27.734 [SpringContextShutdownHook] [] INFO com.zaxxer.hikari.HikariDataSource [close,352] - HikariPool-1 - Shutdown completed.
